2021-06-13 11:32:12 info: ---------------------------------------
2021-06-13 11:32:12 info: >>> Running Unit Test `ex1-johnWho` <<<
2021-06-13 11:32:12 info: ---------------------------------------
2021-06-13 11:32:20 info: All unit tests passed.
2021-06-13 11:32:25 info: All steps were completed successfully
2021-06-13 11:37:34 info: ---------------------------------------
2021-06-13 11:37:34 info: >>> Running Unit Test `ex1-johnWho` <<<
2021-06-13 11:37:34 info: ---------------------------------------
2021-06-13 11:37:40 info: All unit tests passed.
2021-06-13 11:37:45 info: All steps were completed successfully
2021-06-13 11:53:35 info: -------------------------------------------------
2021-06-13 11:53:35 info: >>> Running Unit Test `ex2-checkDoubleDigits` <<<
2021-06-13 11:53:35 info: -------------------------------------------------
2021-06-13 11:53:41 info: All unit tests passed.
2021-06-13 11:53:46 info: All steps were completed successfully
2021-06-14 12:50:09 info: ----------------------------------------
2021-06-14 12:50:09 info: >>> Running Unit Test `ex3-rollDice` <<<
2021-06-14 12:50:09 info: ----------------------------------------
2021-06-14 12:50:16 info: All unit tests passed.
2021-06-14 12:50:22 info: All steps were completed successfully
2021-06-14 09:48:02 info: --------------------------------------------
2021-06-14 09:48:02 info: >>> Running Unit Test `ex4-pokerDiceAll` <<<
2021-06-14 09:48:02 info: --------------------------------------------
2021-06-14 09:48:10 info: All unit tests passed.
2021-06-14 09:48:16 info: All steps were completed successfully
2021-06-14 09:54:24 info: --------------------------------------------
2021-06-14 09:54:24 info: >>> Running Unit Test `ex4-pokerDiceAll` <<<
2021-06-14 09:54:24 info: --------------------------------------------
2021-06-14 09:54:29 info: All unit tests passed.
2021-06-14 09:54:34 info: All steps were completed successfully
2021-06-14 10:23:49 info: ----------------------------------------------
2021-06-14 10:23:49 info: >>> Running Unit Test `ex5-pokerDiceChain` <<<
2021-06-14 10:23:49 info: ----------------------------------------------
2021-06-14 10:23:54 info: All unit tests passed.
2021-06-14 10:23:59 info: All steps were completed successfully
2021-06-14 10:29:28 info: ----------------------------------------------
2021-06-14 10:29:28 info: >>> Running Unit Test `ex5-pokerDiceChain` <<<
2021-06-14 10:29:28 info: ----------------------------------------------
2021-06-14 10:29:33 info: All unit tests passed.
2021-06-14 10:29:38 info: All steps were completed successfully
2021-06-14 11:20:21 info: ----------------------------------------------
2021-06-14 11:20:21 info: >>> Running Unit Test `ex5-pokerDiceChain` <<<
2021-06-14 11:20:21 info: ----------------------------------------------
2021-06-14 11:20:28 info: All unit tests passed.
2021-06-14 11:20:33 info: All steps were completed successfully
